c:\users\dmitriy\documents\visual studio 2015\projects\sfmltankgame\sfmltankgame\debug\vc140.pdb
c:\users\dmitriy\documents\visual studio 2015\projects\sfmltankgame\sfmltankgame\debug\vc140.idb
c:\users\dmitriy\documents\visual studio 2015\projects\sfmltankgame\sfmltankgame\debug\main.obj
c:\users\dmitriy\documents\visual studio 2015\projects\sfmltankgame\sfmltankgame\debug\player.obj
c:\users\dmitriy\documents\visual studio 2015\projects\sfmltankgame\sfmltankgame\debug\projectile.obj
c:\users\dmitriy\documents\visual studio 2015\projects\sfmltankgame\sfmltankgame\debug\enemy.obj
c:\users\dmitriy\documents\visual studio 2015\projects\sfmltankgame\debug\sfmltankgame.lib
c:\users\dmitriy\documents\visual studio 2015\projects\sfmltankgame\debug\sfmltankgame.exp
c:\users\dmitriy\documents\visual studio 2015\projects\sfmltankgame\debug\sfmltankgame.pdb
c:\users\dmitriy\documents\visual studio 2015\projects\sfmltankgame\sfmltankgame\debug\sfmltankgame.tlog\cl.command.1.tlog
c:\users\dmitriy\documents\visual studio 2015\projects\sfmltankgame\sfmltankgame\debug\sfmltankgame.tlog\cl.read.1.tlog
c:\users\dmitriy\documents\visual studio 2015\projects\sfmltankgame\sfmltankgame\debug\sfmltankgame.tlog\cl.write.1.tlog
c:\users\dmitriy\documents\visual studio 2015\projects\sfmltankgame\sfmltankgame\debug\sfmltankgame.tlog\link-cvtres.read.1.tlog
c:\users\dmitriy\documents\visual studio 2015\projects\sfmltankgame\sfmltankgame\debug\sfmltankgame.tlog\link-cvtres.write.1.tlog
c:\users\dmitriy\documents\visual studio 2015\projects\sfmltankgame\sfmltankgame\debug\sfmltankgame.tlog\link-rc.read.1.tlog
c:\users\dmitriy\documents\visual studio 2015\projects\sfmltankgame\sfmltankgame\debug\sfmltankgame.tlog\link-rc.write.1.tlog
c:\users\dmitriy\documents\visual studio 2015\projects\sfmltankgame\sfmltankgame\debug\sfmltankgame.tlog\link.6276-cvtres.read.1.tlog
c:\users\dmitriy\documents\visual studio 2015\projects\sfmltankgame\sfmltankgame\debug\sfmltankgame.tlog\link.6276-cvtres.write.1.tlog
c:\users\dmitriy\documents\visual studio 2015\projects\sfmltankgame\sfmltankgame\debug\sfmltankgame.tlog\link.6276-rc.read.1.tlog
c:\users\dmitriy\documents\visual studio 2015\projects\sfmltankgame\sfmltankgame\debug\sfmltankgame.tlog\link.6276-rc.write.1.tlog
c:\users\dmitriy\documents\visual studio 2015\projects\sfmltankgame\sfmltankgame\debug\sfmltankgame.tlog\link.6276.read.1.tlog
c:\users\dmitriy\documents\visual studio 2015\projects\sfmltankgame\sfmltankgame\debug\sfmltankgame.tlog\link.6276.write.1.tlog
c:\users\dmitriy\documents\visual studio 2015\projects\sfmltankgame\sfmltankgame\debug\sfmltankgame.tlog\link.command.1.tlog
c:\users\dmitriy\documents\visual studio 2015\projects\sfmltankgame\sfmltankgame\debug\sfmltankgame.tlog\link.read.1.tlog
c:\users\dmitriy\documents\visual studio 2015\projects\sfmltankgame\sfmltankgame\debug\sfmltankgame.tlog\link.write.1.tlog
c:\users\dmitriy\documents\visual studio 2015\projects\sfmltankgame\sfmltankgame\debug\sfmltankgame.tlog\sfmltankgame.write.1u.tlog
